#
# There is insufficient memory for the Java Runtime Environment to continue.
# Native memory allocation (malloc) failed to allocate 1097456 bytes. Error detail: Chunk::new
# Possible reasons:
#   The system is out of physical RAM or swap space
#   This process is running with CompressedOops enabled, and the Java Heap may be blocking the growth of the native heap
# Possible solutions:
#   Reduce memory load on the system
#   Increase physical memory or swap space
#   Check if swap backing store is full
#   Decrease Java heap size (-Xmx/-Xms)
#   Decrease number of Java threads
#   Decrease Java thread stack sizes (-Xss)
#   Set larger code cache with -XX:ReservedCodeCacheSize=
#   JVM is running with Unscaled Compressed Oops mode in which the Java heap is
#     placed in the first 4GB address space. The Java Heap base address is the
#     maximum limit for the native heap growth. Please use -XX:HeapBaseMinAddress
#     to set the Java Heap base and to place the Java Heap above 4GB virtual address.
# This output file may be truncated or incomplete.
#
#  Out of Memory Error (arena.cpp:191), pid=4844, tid=6184
#
# JRE version: OpenJDK Runtime Environment Temurin-17.0.11+9 (17.0.11+9) (build 17.0.11+9)
# Java VM: OpenJDK 64-Bit Server VM Temurin-17.0.11+9 (17.0.11+9, mixed mode, tiered, compressed oops, compressed class ptrs, g1 gc, windows-amd64)
# No core dump will be written. Minidumps are not enabled by default on client versions of Windows
#

---------------  S U M M A R Y ------------

Command Line: -XX:+ShowCodeDetailsInExceptionMessages com.star.clientes.ClientesApplication

Host: Intel(R) Core(TM) i3-8100 CPU @ 3.60GHz, 4 cores, 3G,  Windows 10 , 64 bit Build 19041 (10.0.19041.4717)
Time: Thu Aug 22 17:28:48 2024 Hora estándar de las Montañas elapsed time: 272.312373 seconds (0d 0h 4m 32s)

---------------  T H R E A D  ---------------

Current thread (0x000002317a068450):  JavaThread "C2 CompilerThread0" daemon [_thread_in_native, id=6184, stack(0x000000e9ae500000,0x000000e9ae600000)]


Current CompileTask:
C2: 272312 9243       4       java.util.TreeMap::computeIfAbsent (252 bytes)

Stack: [0x000000e9ae500000,0x000000e9ae600000]
Native frames: (J=compiled Java code, j=interpreted, Vv=VM code, C=native code)
V  [jvm.dll+0x67d429]
V  [jvm.dll+0x834b7a]
V  [jvm.dll+0x83663e]
V  [jvm.dll+0x836ca3]
V  [jvm.dll+0x247dbf]
V  [jvm.dll+0xac534]
V  [jvm.dll+0xacb7c]
V  [jvm.dll+0x3665f2]
V  [jvm.dll+0x330bba]
V  [jvm.dll+0x33005a]
V  [jvm.dll+0x21a471]
V  [jvm.dll+0x2198b1]
V  [jvm.dll+0x1a534d]
V  [jvm.dll+0x2295cd]
V  [jvm.dll+0x22779c]
V  [jvm.dll+0x7e9d07]
V  [jvm.dll+0x7e410a]
V  [jvm.dll+0x67c315]
C  [ucrtbase.dll+0x21bb2]
C  [KERNEL32.DLL+0x17374]
C  [ntdll.dll+0x4cc91]


---------------  P R O C E S S  ---------------

Threads class SMR info:
_java_thread_list=0x000002310061fb00, length=21, elements={
0x000002317a01e750, 0x000002317a01f760, 0x000002317a0584c0, 0x000002317a05b1a0,
0x000002317a05ba70, 0x000002317a05c340, 0x000002317a068450, 0x000002317a068d60,
0x000002317a06d690, 0x000002317a2f53c0, 0x000002317a301d60, 0x000002317a3db920,
0x000002317a3dd270, 0x000002317fa69f90, 0x000002317fa6b3d0, 0x000002317fa67c20,
0x000002317fa6b8e0, 0x000002317fa69060, 0x000002317fa68640, 0x000002310183f0a0,
0x000002310183f5b0
}

Java Threads: ( => current thread )
  0x000002317a01e750 JavaThread "Reference Handler" daemon [_thread_blocked, id=2808, stack(0x000000e9adf00000,0x000000e9ae000000)]
  0x000002317a01f760 JavaThread "Finalizer" daemon [_thread_blocked, id=2212, stack(0x000000e9ae000000,0x000000e9ae100000)]
  0x000002317a0584c0 JavaThread "Signal Dispatcher" daemon [_thread_blocked, id=5968, stack(0x000000e9ae100000,0x000000e9ae200000)]
  0x000002317a05b1a0 JavaThread "Attach Listener" daemon [_thread_blocked, id=7548, stack(0x000000e9ae200000,0x000000e9ae300000)]
  0x000002317a05ba70 JavaThread "Service Thread" daemon [_thread_blocked, id=9408, stack(0x000000e9ae300000,0x000000e9ae400000)]
  0x000002317a05c340 JavaThread "Monitor Deflation Thread" daemon [_thread_blocked, id=3360, stack(0x000000e9ae400000,0x000000e9ae500000)]
=>0x000002317a068450 JavaThread "C2 CompilerThread0" daemon [_thread_in_native, id=6184, stack(0x000000e9ae500000,0x000000e9ae600000)]
  0x000002317a068d60 JavaThread "C1 CompilerThread0" daemon [_thread_blocked, id=10520, stack(0x000000e9ae600000,0x000000e9ae700000)]
  0x000002317a06d690 JavaThread "Sweeper thread" daemon [_thread_blocked, id=3584, stack(0x000000e9ae700000,0x000000e9ae800000)]
  0x000002317a2f53c0 JavaThread "Notification Thread" daemon [_thread_blocked, id=3332, stack(0x000000e9ae800000,0x000000e9ae900000)]
  0x000002317a301d60 JavaThread "Common-Cleaner" daemon [_thread_blocked, id=7420, stack(0x000000e9aea00000,0x000000e9aeb00000)]
  0x000002317a3db920 JavaThread "mysql-cj-abandoned-connection-cleanup" daemon [_thread_blocked, id=11748, stack(0x000000e9af400000,0x000000e9af500000)]
  0x000002317a3dd270 JavaThread "Live Reload Server" daemon [_thread_in_native, id=7308, stack(0x000000e9afa00000,0x000000e9afb00000)]
  0x000002317fa69f90 JavaThread "DestroyJavaVM" [_thread_blocked, id=1848, stack(0x000000e9ad800000,0x000000e9ad900000)]
  0x000002317fa6b3d0 JavaThread "File Watcher" daemon [_thread_blocked, id=8304, stack(0x000000e9ad600000,0x000000e9ad700000)]
  0x000002317fa67c20 JavaThread "File Watcher" daemon [_thread_blocked, id=9312, stack(0x000000e9ad700000,0x000000e9ad800000)]
  0x000002317fa6b8e0 JavaThread "File Watcher" daemon [_thread_blocked, id=436, stack(0x000000e9aef00000,0x000000e9af000000)]
  0x000002317fa69060 JavaThread "File Watcher" daemon [_thread_blocked, id=2336, stack(0x000000e9af200000,0x000000e9af300000)]
  0x000002317fa68640 JavaThread "File Watcher" daemon [_thread_blocked, id=1372, stack(0x000000e9af300000,0x000000e9af400000)]
  0x000002310183f0a0 JavaThread "Thread-7" [_thread_blocked, id=9724, stack(0x000000e9ad500000,0x000000e9ad600000)]
  0x000002310183f5b0 JavaThread "restartedMain" [_thread_in_Java, id=7736, stack(0x000000e9af600000,0x000000e9af700000)]

Other Threads:
  0x000002317a005a70 VMThread "VM Thread" [stack: 0x000000e9ade00000,0x000000e9adf00000] [id=9024]
  0x000002317a2f80c0 WatcherThread [stack: 0x000000e9ae900000,0x000000e9aea00000] [id=476]
  0x0000023161a852f0 GCTaskThread "GC Thread#0" [stack: 0x000000e9ad900000,0x000000e9ada00000] [id=8776]
  0x000002317a9cab30 GCTaskThread "GC Thread#1" [stack: 0x000000e9aeb00000,0x000000e9aec00000] [id=12272]
  0x000002317a9cc130 GCTaskThread "GC Thread#2" [stack: 0x000000e9aec00000,0x000000e9aed00000] [id=11004]
  0x000002317a9cbbb0 GCTaskThread "GC Thread#3" [stack: 0x000000e9aed00000,0x000000e9aee00000] [id=796]
  0x0000023161a8de50 ConcurrentGCThread "G1 Main Marker" [stack: 0x000000e9ada00000,0x000000e9adb00000] [id=8764]
  0x0000023161a8ef20 ConcurrentGCThread "G1 Conc#0" [stack: 0x000000e9adb00000,0x000000e9adc00000] [id=2532]
  0x0000023161acddf0 ConcurrentGCThread "G1 Refine#0" [stack: 0x000000e9adc00000,0x000000e9add00000] [id=9472]
  0x000002317f503e50 ConcurrentGCThread "G1 Refine#1" [stack: 0x000000e9af100000,0x000000e9af200000] [id=11656]
  0x0000023161ace730 ConcurrentGCThread "G1 Service" [stack: 0x000000e9add00000,0x000000e9ade00000] [id=7768]

Threads with active compile tasks:
C2 CompilerThread0   272612 9243       4       java.util.TreeMap::computeIfAbsent (252 bytes)

VM state: not at safepoint (normal execution)

VM Mutex/Monitor currently owned by a thread: None

Heap address: 0x00000000c1800000, size: 1000 MB, Compressed Oops mode: 32-bit

CDS archive(s) not mapped
Compressed class space mapped at: 0x0000000100000000-0x0000000140000000, reserved size: 1073741824
Narrow klass base: 0x0000000000000000, Narrow klass shift: 3, Narrow klass range: 0x140000000

GC Precious Log:
 CPUs: 4 total, 4 available
 Memory: 3993M
 Large Page Support: Disabled
 NUMA Support: Disabled
 Compressed Oops: Enabled (32-bit)
 Heap Region Size: 1M
 Heap Min Capacity: 8M
 Heap Initial Capacity: 64M
 Heap Max Capacity: 1000M
 Pre-touch: Disabled
 Parallel Workers: 4
 Concurrent Workers: 1
 Concurrent Refinement Workers: 4
 Periodic GC: Disabled

Heap:
 garbage-first heap   total 70656K, used 47110K [0x00000000c1800000, 0x0000000100000000)
  region size 1024K, 24 young (24576K), 0 survivors (0K)
 Metaspace       used 76381K, committed 77056K, reserved 1179648K
  class space    used 10055K, committed 10368K, reserved 1048576K

Heap Regions: E=young(eden), S=young(survivor), O=old, HS=humongous(starts), HC=humongous(continues), CS=collection set, F=free, OA=open archive, CA=closed archive, TAMS=top-at-mark-start (previous, next)
|   0|0x00000000c1800000, 0x00000000c1900000, 0x00000000c1900000|100%|HS|  |TAMS 0x00000000c1900000, 0x00000000c1800000| Untracked 
|   1|0x00000000c1900000, 0x00000000c19fffb8, 0x00000000c1a00000| 99%| O|  |TAMS 0x00000000c19fffb8, 0x00000000c1900000| Untracked 
|   2|0x00000000c1a00000, 0x00000000c1af7b38, 0x00000000c1b00000| 96%| O|  |TAMS 0x00000000c1a00000, 0x00000000c1a00000| Untracked 
|   3|0x00000000c1b00000, 0x00000000c1bfffb8, 0x00000000c1c00000| 99%| O|  |TAMS 0x00000000c1bfffb8, 0x00000000c1b00000| Untracked 
|   4|0x00000000c1c00000, 0x00000000c1d00000, 0x00000000c1d00000|100%| O|  |TAMS 0x00000000c1d00000, 0x00000000c1c00000| Untracked 
|   5|0x00000000c1d00000, 0x00000000c1dfffb8, 0x00000000c1e00000| 99%| O|  |TAMS 0x00000000c1d00000, 0x00000000c1d00000| Untracked 
|   6|0x00000000c1e00000, 0x00000000c1efffb8, 0x00000000c1f00000| 99%| O|  |TAMS 0x00000000c1e00000, 0x00000000c1e00000| Untracked 
|   7|0x00000000c1f00000, 0x00000000c1fffff0, 0x00000000c2000000| 99%| O|  |TAMS 0x00000000c1f00000, 0x00000000c1f00000| Untracked 
|   8|0x00000000c2000000, 0x00000000c20fffe0, 0x00000000c2100000| 99%| O|  |TAMS 0x00000000c2000000, 0x00000000c2000000| Untracked 
|   9|0x00000000c2100000, 0x00000000c21ffff8, 0x00000000c2200000| 99%| O|  |TAMS 0x00000000c21ffff8, 0x00000000c2100000| Untracked 
|  10|0x00000000c2200000, 0x00000000c22fffd8, 0x00000000c2300000| 99%| O|  |TAMS 0x00000000c2200000, 0x00000000c2200000| Untracked 
|  11|0x00000000c2300000, 0x00000000c23ffff0, 0x00000000c2400000| 99%| O|  |TAMS 0x00000000c2300000, 0x00000000c2300000| Untracked 
|  12|0x00000000c2400000, 0x00000000c24ffff8, 0x00000000c2500000| 99%| O|  |TAMS 0x00000000c2400000, 0x00000000c2400000| Untracked 
|  13|0x00000000c2500000, 0x00000000c25ffff8, 0x00000000c2600000| 99%| O|  |TAMS 0x00000000c25ffff8, 0x00000000c2500000| Untracked 
|  14|0x00000000c2600000, 0x00000000c26fffc0, 0x00000000c2700000| 99%| O|  |TAMS 0x00000000c2600000, 0x00000000c2600000| Untracked 
|  15|0x00000000c2700000, 0x00000000c27ffff8, 0x00000000c2800000| 99%| O|  |TAMS 0x00000000c2700000, 0x00000000c2700000| Untracked 
|  16|0x00000000c2800000, 0x00000000c2900000, 0x00000000c2900000|100%| O|  |TAMS 0x00000000c2800000, 0x00000000c2800000| Untracked 
|  17|0x00000000c2900000, 0x00000000c29ffff0, 0x00000000c2a00000| 99%| O|  |TAMS 0x00000000c29ffff0, 0x00000000c2900000| Untracked 
|  18|0x00000000c2a00000, 0x00000000c2afffb0, 0x00000000c2b00000| 99%| O|  |TAMS 0x00000000c2a00000, 0x00000000c2a00000| Untracked 
|  19|0x00000000c2b00000, 0x00000000c2c00000, 0x00000000c2c00000|100%| O|  |TAMS 0x00000000c2c00000, 0x00000000c2b00000| Untracked 
|  20|0x00000000c2c00000, 0x00000000c2cff8f0, 0x00000000c2d00000| 99%| O|  |TAMS 0x00000000c2c00000, 0x00000000c2c00000| Untracked 
|  21|0x00000000c2d00000, 0x00000000c2dffff8, 0x00000000c2e00000| 99%| O|  |TAMS 0x00000000c2d00000, 0x00000000c2d00000| Untracked 
|  22|0x00000000c2e00000, 0x00000000c2f00000, 0x00000000c2f00000|100%| O|  |TAMS 0x00000000c2e00000, 0x00000000c2e00000| Untracked 
|  23|0x00000000c2f00000, 0x00000000c2ff8160, 0x00000000c3000000| 96%| O|  |TAMS 0x00000000c2f00000, 0x00000000c2f00000| Untracked 
|  24|0x00000000c3000000, 0x00000000c3012628, 0x00000000c3100000|  7%| O|  |TAMS 0x00000000c3000000, 0x00000000c3000000| Untracked 
|  25|0x00000000c3100000, 0x00000000c3100000, 0x00000000c3200000|  0%| F|  |TAMS 0x00000000c3100000, 0x00000000c3100000| Untracked 
|  26|0x00000000c3200000, 0x00000000c3200000, 0x00000000c3300000|  0%| F|  |TAMS 0x00000000c3200000, 0x00000000c3200000| Untracked 
|  27|0x00000000c3300000, 0x00000000c3300000, 0x00000000c3400000|  0%| F|  |TAMS 0x00000000c3300000, 0x00000000c3300000| Untracked 
|  28|0x00000000c3400000, 0x00000000c3400000, 0x00000000c3500000|  0%| F|  |TAMS 0x00000000c3400000, 0x00000000c3400000| Untracked 
|  29|0x00000000c3500000, 0x00000000c3500000, 0x00000000c3600000|  0%| F|  |TAMS 0x00000000c3500000, 0x00000000c3500000| Untracked 
|  30|0x00000000c3600000, 0x00000000c3600000, 0x00000000c3700000|  0%| F|  |TAMS 0x00000000c3600000, 0x00000000c3600000| Untracked 
|  31|0x00000000c3700000, 0x00000000c3700000, 0x00000000c3800000|  0%| F|  |TAMS 0x00000000c3700000, 0x00000000c3700000| Untracked 
|  32|0x00000000c3800000, 0x00000000c3800000, 0x00000000c3900000|  0%| F|  |TAMS 0x00000000c3800000, 0x00000000c3800000| Untracked 
|  33|0x00000000c3900000, 0x00000000c3900000, 0x00000000c3a00000|  0%| F|  |TAMS 0x00000000c3900000, 0x00000000c3900000| Untracked 
|  34|0x00000000c3a00000, 0x00000000c3a00000, 0x00000000c3b00000|  0%| F|  |TAMS 0x00000000c3a00000, 0x00000000c3a00000| Untracked 
|  35|0x00000000c3b00000, 0x00000000c3b00000, 0x00000000c3c00000|  0%| F|  |TAMS 0x00000000c3b00000, 0x00000000c3b00000| Untracked 
|  36|0x00000000c3c00000, 0x00000000c3c00000, 0x00000000c3d00000|  0%| F|  |TAMS 0x00000000c3c00000, 0x00000000c3c00000| Untracked 
|  37|0x00000000c3d00000, 0x00000000c3d00000, 0x00000000c3e00000|  0%| F|  |TAMS 0x00000000c3d00000, 0x00000000c3d00000| Untracked 
|  38|0x00000000c3e00000, 0x00000000c3e00000, 0x00000000c3f00000|  0%| F|  |TAMS 0x00000000c3e00000, 0x00000000c3e00000| Untracked 
|  39|0x00000000c3f00000, 0x00000000c3f00000, 0x00000000c4000000|  0%| F|  |TAMS 0x00000000c3f00000, 0x00000000c3f00000| Untracked 
|  40|0x00000000c4000000, 0x00000000c4000000, 0x00000000c4100000|  0%| F|  |TAMS 0x00000000c4000000, 0x00000000c4000000| Untracked 
|  41|0x00000000c4100000, 0x00000000c4100000, 0x00000000c4200000|  0%| F|  |TAMS 0x00000000c4100000, 0x00000000c4100000| Untracked 
|  42|0x00000000c4200000, 0x00000000c4200000, 0x00000000c4300000|  0%| F|  |TAMS 0x00000000c4200000, 0x00000000c4200000| Untracked 
|  43|0x00000000c4300000, 0x00000000c4300000, 0x00000000c4400000|  0%| F|  |TAMS 0x00000000c4300000, 0x00000000c4300000| Untracked 
|  44|0x00000000c4400000, 0x00000000c4400000, 0x00000000c4500000|  0%| F|  |TAMS 0x00000000c4400000, 0x00000000c4400000| Untracked 
|  45|0x00000000c4500000, 0x00000000c456fe90, 0x00000000c4600000| 43%| E|  |TAMS 0x00000000c4500000, 0x00000000c4500000| Complete 
|  46|0x00000000c4600000, 0x00000000c4700000, 0x00000000c4700000|100%| E|CS|TAMS 0x00000000c4600000, 0x00000000c4600000| Complete 
|  47|0x00000000c4700000, 0x00000000c4800000, 0x00000000c4800000|100%| E|CS|TAMS 0x00000000c4700000, 0x00000000c4700000| Complete 
|  48|0x00000000c4800000, 0x00000000c4900000, 0x00000000c4900000|100%| E|CS|TAMS 0x00000000c4800000, 0x00000000c4800000| Complete 
|  49|0x00000000c4900000, 0x00000000c4a00000, 0x00000000c4a00000|100%| E|CS|TAMS 0x00000000c4900000, 0x00000000c4900000| Complete 
|  50|0x00000000c4a00000, 0x00000000c4b00000, 0x00000000c4b00000|100%| E|CS|TAMS 0x00000000c4a00000, 0x00000000c4a00000| Complete 
|  51|0x00000000c4b00000, 0x00000000c4c00000, 0x00000000c4c00000|100%| E|CS|TAMS 0x00000000c4b00000, 0x00000000c4b00000| Complete 
|  52|0x00000000c4c00000, 0x00000000c4d00000, 0x00000000c4d00000|100%| E|CS|TAMS 0x00000000c4c00000, 0x00000000c4c00000| Complete 
|  53|0x00000000c4d00000, 0x00000000c4e00000, 0x00000000c4e00000|100%| E|CS|TAMS 0x00000000c4d00000, 0x00000000c4d00000| Complete 
|  54|0x00000000c4e00000, 0x00000000c4f00000, 0x00000000c4f00000|100%| E|CS|TAMS 0x00000000c4e00000, 0x00000000c4e00000| Complete 
|  55|0x00000000c4f00000, 0x00000000c5000000, 0x00000000c5000000|100%| E|CS|TAMS 0x00000000c4f00000, 0x00000000c4f00000| Complete 
|  56|0x00000000c5000000, 0x00000000c5100000, 0x00000000c5100000|100%| E|CS|TAMS 0x00000000c5000000, 0x00000000c5000000| Complete 
|  57|0x00000000c5100000, 0x00000000c5200000, 0x00000000c5200000|100%| E|CS|TAMS 0x00000000c5100000, 0x00000000c5100000| Complete 
|  58|0x00000000c5200000, 0x00000000c5300000, 0x00000000c5300000|100%| E|CS|TAMS 0x00000000c5200000, 0x00000000c5200000| Complete 
|  59|0x00000000c5300000, 0x00000000c5400000, 0x00000000c5400000|100%| E|CS|TAMS 0x00000000c5300000, 0x00000000c5300000| Complete 
|  60|0x00000000c5400000, 0x00000000c5500000, 0x00000000c5500000|100%| E|  |TAMS 0x00000000c5400000, 0x00000000c5400000| Complete 
|  61|0x00000000c5500000, 0x00000000c5600000, 0x00000000c5600000|100%| E|CS|TAMS 0x00000000c5500000, 0x00000000c5500000| Complete 
|  62|0x00000000c5600000, 0x00000000c5700000, 0x00000000c5700000|100%| E|CS|TAMS 0x00000000c5600000, 0x00000000c5600000| Complete 
|  63|0x00000000c5700000, 0x00000000c5800000, 0x00000000c5800000|100%| E|CS|TAMS 0x00000000c5700000, 0x00000000c5700000| Complete 
|  64|0x00000000c5800000, 0x00000000c5900000, 0x00000000c5900000|100%| E|CS|TAMS 0x00000000c5800000, 0x00000000c5800000| Complete 
|  65|0x00000000c5900000, 0x00000000c5a00000, 0x00000000c5a00000|100%| E|CS|TAMS 0x00000000c5900000, 0x00000000c5900000| Complete 
|  66|0x00000000c5a00000, 0x00000000c5b00000, 0x00000000c5b00000|100%| E|CS|TAMS 0x00000000c5a00000, 0x00000000c5a00000| Complete 
|  67|0x00000000c5b00000, 0x00000000c5c00000, 0x00000000c5c00000|100%| E|CS|TAMS 0x00000000c5b00000, 0x00000000c5b00000| Complete 
|  68|0x00000000c5c00000, 0x00000000c5d00000, 0x00000000c5d00000|100%| E|CS|TAMS 0x00000000c5c00000, 0x00000000c5c00000| Complete 

Card table byte_map: [0x0000023175720000,0x0000023175920000] _byte_map_base: 0x0000023175114000

Marking Bits (Prev, Next): (CMBitMap*) 0x0000023161a85860, (CMBitMap*) 0x0000023161a85820
 Prev Bits: [0x0000023176ac0000, 0x0000023177a60000)
 Next Bits: [0x0000023175b20000, 0x0000023176ac0000)

Polling page: 0x0000023161b00000

Metaspace:

Usage:
  Non-class:     64.77 MB used.
      Class:      9.82 MB used.
       Both:     74.59 MB used.

Virtual space:
  Non-class space:      128.00 MB reserved,      65.12 MB ( 51%) committed,  2 nodes.
      Class space:        1.00 GB reserved,      10.12 MB ( <1%) committed,  1 nodes.
             Both:        1.12 GB reserved,      75.25 MB (  7%) committed. 

Chunk freelists:
   Non-Class:  14.44 MB
       Class:  5.93 MB
        Both:  20.37 MB

MaxMetaspaceSize: unlimited
CompressedClassSpaceSize: 1.00 GB
Initial GC threshold: 21.00 MB
Current GC threshold: 125.12 MB
CDS: off
MetaspaceReclaimPolicy: balanced
 - commit_granule_bytes: 65536.
 - commit_granule_words: 8192.
 - virtual_space_node_default_size: 8388608.
 - enlarge_chunks_in_place: 1.
 - new_chunks_are_fully_committed: 0.
 - uncommit_free_chunks: 1.
 - use_allocation_guard: 0.
 - handle_deallocations: 1.


Internal statistics:

num_allocs_failed_limit: 12.
num_arena_births: 930.
num_arena_deaths: 16.
num_vsnodes_births: 3.
num_vsnodes_deaths: 0.
num_space_committed: 1204.
num_space_uncommitted: 0.
num_chunks_returned_to_freelist: 31.
num_chunks_taken_from_freelist: 3544.
num_chunk_merges: 9.
num_chunk_splits: 2410.
num_chunks_enlarged: 1760.
num_inconsistent_stats: 0.

CodeHeap 'non-profiled nmethods': size=120000Kb used=6310Kb max_used=6441Kb free=113690Kb
 bounds [0x000002316d9d0000, 0x000002316e020000, 0x0000023174f00000]
CodeHeap 'profiled nmethods': size=120000Kb used=14073Kb max_used=15579Kb free=105927Kb
 bounds [0x0000023165f00000, 0x0000023166e50000, 0x000002316d430000]
CodeHeap 'non-nmethods': size=5760Kb used=1363Kb max_used=1445Kb free=4396Kb
 bounds [0x000002316d430000, 0x000002316d6a0000, 0x000002316d9d0000]
 total_blobs=8298 nmethods=7598 adapters=610
 compilation: enabled
              stopped_count=0, restarted_count=0
 full_count=0

Compilation events (20 events):
Event: 271.854 Thread 0x000002317a068d60 9236       1       jdk.internal.reflect.ByteVectorImpl::getData (5 bytes)
Event: 271.854 Thread 0x000002317a068d60 nmethod 9236 0x000002316dcfa810 code [0x000002316dcfa9a0, 0x000002316dcfaa78]
Event: 271.893 Thread 0x000002317a068450 nmethod 9231 0x000002316dcb2b90 code [0x000002316dcb2e40, 0x000002316dcb56b0]
Event: 271.893 Thread 0x000002317a068450 9232       4       org.springframework.boot.autoconfigure.condition.FilteringSpringBootCondition::filter (82 bytes)
Event: 271.990 Thread 0x000002317a068450 nmethod 9232 0x000002316dcae210 code [0x000002316dcae520, 0x000002316dcb1cd0]
Event: 271.990 Thread 0x000002317a068450 9237   !   4       org.springframework.boot.devtools.restart.classloader.RestartClassLoader::loadClass (119 bytes)
Event: 272.021 Thread 0x000002317a068d60 9238       3       java.util.Optional::orElseThrow (22 bytes)
Event: 272.022 Thread 0x000002317a068d60 nmethod 9238 0x0000023166510410 code [0x00000231665105c0, 0x00000231665108c8]
Event: 272.079 Thread 0x000002317a068d60 9240       3       org.springframework.util.ConcurrentLruCache$ReadOperations::drainReadBuffer (103 bytes)
Event: 272.089 Thread 0x000002317a068d60 nmethod 9240 0x00000231663fdf90 code [0x00000231663fe420, 0x0000023166400be8]
Event: 272.096 Thread 0x000002317a068d60 9242   !   3       java.nio.file.FileTreeWalker::visit (204 bytes)
Event: 272.097 Thread 0x000002317a068d60 nmethod 9242 0x0000023166699c90 code [0x0000023166699fe0, 0x000002316669b538]
Event: 272.117 Thread 0x000002317a068450 nmethod 9237 0x000002316ddf6590 code [0x000002316ddf68e0, 0x000002316ddf9ab0]
Event: 272.117 Thread 0x000002317a068450 9241       4       java.util.LinkedHashSet::<init> (9 bytes)
Event: 272.121 Thread 0x000002317a068450 nmethod 9241 0x000002316dcfa290 code [0x000002316dcfa420, 0x000002316dcfa658]
Event: 272.121 Thread 0x000002317a068450 9239       4       org.springframework.core.io.support.PathMatchingResourcePatternResolver$$Lambda$222/0x00000001001d8690::test (8 bytes)
Event: 272.135 Thread 0x000002317a068450 nmethod 9239 0x000002316dcace90 code [0x000002316dcad080, 0x000002316dcadc18]
Event: 272.155 Thread 0x000002317a068450 9243       4       java.util.TreeMap::computeIfAbsent (252 bytes)
Event: 272.155 Thread 0x000002317a068d60 9244       3       org.springframework.boot.autoconfigure.condition.ConditionMessage$ItemsBuilder::items (18 bytes)
Event: 272.155 Thread 0x000002317a068d60 nmethod 9244 0x0000023166592e90 code [0x0000023166593080, 0x0000023166593618]

GC Heap History (20 events):
Event: 143.960 GC heap before
{Heap before GC invocations=36 (full 1):
 garbage-first heap   total 58368K, used 45261K [0x00000000c1800000, 0x0000000100000000)
  region size 1024K, 15 young (15360K), 1 survivors (1024K)
 Metaspace       used 75173K, committed 75712K, reserved 1179648K
  class space    used 9981K, committed 10240K, reserved 1048576K
}
Event: 143.963 GC heap after
{Heap after GC invocations=37 (full 1):
 garbage-first heap   total 58368K, used 31892K [0x00000000c1800000, 0x0000000100000000)
  region size 1024K, 2 young (2048K), 2 survivors (2048K)
 Metaspace       used 75173K, committed 75712K, reserved 1179648K
  class space    used 9981K, committed 10240K, reserved 1048576K
}
Event: 148.375 GC heap before
{Heap before GC invocations=37 (full 1):
 garbage-first heap   total 58368K, used 44180K [0x00000000c1800000, 0x0000000100000000)
  region size 1024K, 15 young (15360K), 2 survivors (2048K)
 Metaspace       used 75232K, committed 75776K, reserved 1179648K
  class space    used 9985K, committed 10240K, reserved 1048576K
}
Event: 148.384 GC heap after
{Heap after GC invocations=38 (full 1):
 garbage-first heap   total 58368K, used 33257K [0x00000000c1800000, 0x0000000100000000)
  region size 1024K, 2 young (2048K), 2 survivors (2048K)
 Metaspace       used 75232K, committed 75776K, reserved 1179648K
  class space    used 9985K, committed 10240K, reserved 1048576K
}
Event: 149.301 GC heap before
{Heap before GC invocations=38 (full 1):
 garbage-first heap   total 58368K, used 46569K [0x00000000c1800000, 0x0000000100000000)
  region size 1024K, 15 young (15360K), 2 survivors (2048K)
 Metaspace       used 75275K, committed 75840K, reserved 1179648K
  class space    used 9990K, committed 10240K, reserved 1048576K
}
Event: 149.306 GC heap after
{Heap after GC invocations=39 (full 1):
 garbage-first heap   total 58368K, used 34001K [0x00000000c1800000, 0x0000000100000000)
  region size 1024K, 2 young (2048K), 2 survivors (2048K)
 Metaspace       used 75275K, committed 75840K, reserved 1179648K
  class space    used 9990K, committed 10240K, reserved 1048576K
}
Event: 150.675 GC heap before
{Heap before GC invocations=39 (full 1):
 garbage-first heap   total 58368K, used 46289K [0x00000000c1800000, 0x0000000100000000)
  region size 1024K, 14 young (14336K), 2 survivors (2048K)
 Metaspace       used 75328K, committed 75968K, reserved 1179648K
  class space    used 9994K, committed 10240K, reserved 1048576K
}
Event: 150.683 GC heap after
{Heap after GC invocations=40 (full 1):
 garbage-first heap   total 58368K, used 35068K [0x00000000c1800000, 0x0000000100000000)
  region size 1024K, 2 young (2048K), 2 survivors (2048K)
 Metaspace       used 75328K, committed 75968K, reserved 1179648K
  class space    used 9994K, committed 10240K, reserved 1048576K
}
Event: 152.369 GC heap before
{Heap before GC invocations=40 (full 1):
 garbage-first heap   total 58368K, used 45308K [0x00000000c1800000, 0x0000000100000000)
  region size 1024K, 13 young (13312K), 2 survivors (2048K)
 Metaspace       used 75486K, committed 76096K, reserved 1179648K
  class space    used 10000K, committed 10240K, reserved 1048576K
}
Event: 152.380 GC heap after
{Heap after GC invocations=41 (full 1):
 garbage-first heap   total 58368K, used 36069K [0x00000000c1800000, 0x0000000100000000)
  region size 1024K, 1 young (1024K), 1 survivors (1024K)
 Metaspace       used 75486K, committed 76096K, reserved 1179648K
  class space    used 10000K, committed 10240K, reserved 1048576K
}
Event: 169.864 GC heap before
{Heap before GC invocations=41 (full 1):
 garbage-first heap   total 58368K, used 45285K [0x00000000c1800000, 0x0000000100000000)
  region size 1024K, 11 young (11264K), 1 survivors (1024K)
 Metaspace       used 75672K, committed 76288K, reserved 1179648K
  class space    used 10009K, committed 10304K, reserved 1048576K
}
Event: 169.917 GC heap after
{Heap after GC invocations=42 (full 1):
 garbage-first heap   total 70656K, used 36272K [0x00000000c1800000, 0x0000000100000000)
  region size 1024K, 2 young (2048K), 2 survivors (2048K)
 Metaspace       used 75672K, committed 76288K, reserved 1179648K
  class space    used 10009K, committed 10304K, reserved 1048576K
}
Event: 171.831 GC heap before
{Heap before GC invocations=42 (full 1):
 garbage-first heap   total 70656K, used 55728K [0x00000000c1800000, 0x0000000100000000)
  region size 1024K, 21 young (21504K), 2 survivors (2048K)
 Metaspace       used 75720K, committed 76352K, reserved 1179648K
  class space    used 10015K, committed 10304K, reserved 1048576K
}
Event: 171.835 GC heap after
{Heap after GC invocations=43 (full 1):
 garbage-first heap   total 70656K, used 37495K [0x00000000c1800000, 0x0000000100000000)
  region size 1024K, 3 young (3072K), 3 survivors (3072K)
 Metaspace       used 75720K, committed 76352K, reserved 1179648K
  class space    used 10015K, committed 10304K, reserved 1048576K
}
Event: 174.939 GC heap before
{Heap before GC invocations=43 (full 1):
 garbage-first heap   total 70656K, used 55927K [0x00000000c1800000, 0x0000000100000000)
  region size 1024K, 22 young (22528K), 3 survivors (3072K)
 Metaspace       used 75822K, committed 76416K, reserved 1179648K
  class space    used 10017K, committed 10304K, reserved 1048576K
}
Event: 174.955 GC heap after
{Heap after GC invocations=44 (full 1):
 garbage-first heap   total 70656K, used 38930K [0x00000000c1800000, 0x0000000100000000)
  region size 1024K, 3 young (3072K), 3 survivors (3072K)
 Metaspace       used 75822K, committed 76416K, reserved 1179648K
  class space    used 10017K, committed 10304K, reserved 1048576K
}
Event: 177.537 GC heap before
{Heap before GC invocations=44 (full 1):
 garbage-first heap   total 70656K, used 57362K [0x00000000c1800000, 0x0000000100000000)
  region size 1024K, 21 young (21504K), 3 survivors (3072K)
 Metaspace       used 76225K, committed 76864K, reserved 1179648K
  class space    used 10047K, committed 10304K, reserved 1048576K
}
Event: 177.890 GC heap after
{Heap after GC invocations=45 (full 1):
 garbage-first heap   total 70656K, used 40427K [0x00000000c1800000, 0x0000000100000000)
  region size 1024K, 2 young (2048K), 2 survivors (2048K)
 Metaspace       used 76225K, committed 76864K, reserved 1179648K
  class space    used 10047K, committed 10304K, reserved 1048576K
}
Event: 265.599 GC heap before
{Heap before GC invocations=45 (full 1):
 garbage-first heap   total 70656K, used 54763K [0x00000000c1800000, 0x0000000100000000)
  region size 1024K, 17 young (17408K), 2 survivors (2048K)
 Metaspace       used 76292K, committed 76864K, reserved 1179648K
  class space    used 10049K, committed 10304K, reserved 1048576K
}
Event: 266.925 GC heap after
{Heap after GC invocations=46 (full 2):
 garbage-first heap   total 70656K, used 24582K [0x00000000c1800000, 0x0000000100000000)
  region size 1024K, 0 young (0K), 0 survivors (0K)
 Metaspace       used 76278K, committed 76864K, reserved 1179648K
  class space    used 10047K, committed 10304K, reserved 1048576K
}

Dll operation events (10 events):
Event: 0.021 Loaded shared library C:\Users\Pxlarized\.vscode\extensions\redhat.java-1.33.0-win32-x64\jre\17.0.11-win32-x86_64\bin\java.dll
Event: 0.363 Loaded shared library C:\Users\Pxlarized\.vscode\extensions\redhat.java-1.33.0-win32-x64\jre\17.0.11-win32-x86_64\bin\net.dll
Event: 0.367 Loaded shared library C:\Users\Pxlarized\.vscode\extensions\redhat.java-1.33.0-win32-x64\jre\17.0.11-win32-x86_64\bin\nio.dll
Event: 0.381 Loaded shared library C:\Users\Pxlarized\.vscode\extensions\redhat.java-1.33.0-win32-x64\jre\17.0.11-win32-x86_64\bin\zip.dll
Event: 0.708 Loaded shared library C:\Users\Pxlarized\.vscode\extensions\redhat.java-1.33.0-win32-x64\jre\17.0.11-win32-x86_64\bin\jimage.dll
Event: 1.319 Loaded shared library C:\Users\Pxlarized\.vscode\extensions\redhat.java-1.33.0-win32-x64\jre\17.0.11-win32-x86_64\bin\management.dll
Event: 1.326 Loaded shared library C:\Users\Pxlarized\.vscode\extensions\redhat.java-1.33.0-win32-x64\jre\17.0.11-win32-x86_64\bin\management_ext.dll
Event: 4.515 Loaded shared library C:\Users\Pxlarized\.vscode\extensions\redhat.java-1.33.0-win32-x64\jre\17.0.11-win32-x86_64\bin\sunmscapi.dll
Event: 10.082 Loaded shared library C:\Users\Pxlarized\.vscode\extensions\redhat.java-1.33.0-win32-x64\jre\17.0.11-win32-x86_64\bin\verify.dll
Event: 10.689 Loaded shared library C:\Users\Pxlarized\.vscode\extensions\redhat.java-1.33.0-win32-x64\jre\17.0.11-win32-x86_64\bin\extnet.dll

Deoptimization events (20 events):
Event: 179.179 Thread 0x000002317fa6c300 DEOPT PACKING pc=0x000002316def69e0 sp=0x000000e9af6fe0a0
Event: 179.179 Thread 0x000002317fa6c300 DEOPT UNPACKING pc=0x000002316d4869a3 sp=0x000000e9af6fe048 mode 2
Event: 267.801 Thread 0x000002310183f5b0 Uncommon trap: trap_request=0xffffffd6 fr.pc=0x000002316da6b154 relative=0x00000000000003b4
Event: 267.801 Thread 0x000002310183f5b0 Uncommon trap: reason=array_check action=maybe_recompile pc=0x000002316da6b154 method=java.util.LinkedHashMap.valuesToArray([Ljava/lang/Object;)[Ljava/lang/Object; @ 25 c2
Event: 267.801 Thread 0x000002310183f5b0 DEOPT PACKING pc=0x000002316da6b154 sp=0x000000e9af6fdb40
Event: 267.801 Thread 0x000002310183f5b0 DEOPT UNPACKING pc=0x000002316d4869a3 sp=0x000000e9af6fdaf8 mode 2
Event: 267.809 Thread 0x000002310183f5b0 Uncommon trap: trap_request=0xffffffd6 fr.pc=0x000002316da6b154 relative=0x00000000000003b4
Event: 267.810 Thread 0x000002310183f5b0 Uncommon trap: reason=array_check action=maybe_recompile pc=0x000002316da6b154 method=java.util.LinkedHashMap.valuesToArray([Ljava/lang/Object;)[Ljava/lang/Object; @ 25 c2
Event: 267.810 Thread 0x000002310183f5b0 DEOPT PACKING pc=0x000002316da6b154 sp=0x000000e9af6fdb40
Event: 267.810 Thread 0x000002310183f5b0 DEOPT UNPACKING pc=0x000002316d4869a3 sp=0x000000e9af6fdaf8 mode 2
Event: 267.820 Thread 0x000002310183f5b0 Uncommon trap: trap_request=0xffffffd6 fr.pc=0x000002316da6b154 relative=0x00000000000003b4
Event: 267.820 Thread 0x000002310183f5b0 Uncommon trap: reason=array_check action=maybe_recompile pc=0x000002316da6b154 method=java.util.LinkedHashMap.valuesToArray([Ljava/lang/Object;)[Ljava/lang/Object; @ 25 c2
Event: 267.820 Thread 0x000002310183f5b0 DEOPT PACKING pc=0x000002316da6b154 sp=0x000000e9af6fdb40
Event: 267.820 Thread 0x000002310183f5b0 DEOPT UNPACKING pc=0x000002316d4869a3 sp=0x000000e9af6fdaf8 mode 2
Event: 267.834 Thread 0x000002310183f5b0 Uncommon trap: trap_request=0xffffffd6 fr.pc=0x000002316da6b154 relative=0x00000000000003b4
Event: 267.834 Thread 0x000002310183f5b0 Uncommon trap: reason=array_check action=maybe_recompile pc=0x000002316da6b154 method=java.util.LinkedHashMap.valuesToArray([Ljava/lang/Object;)[Ljava/lang/Object; @ 25 c2
Event: 267.834 Thread 0x000002310183f5b0 DEOPT PACKING pc=0x000002316da6b154 sp=0x000000e9af6fdb40
Event: 267.834 Thread 0x000002310183f5b0 DEOPT UNPACKING pc=0x000002316d4869a3 sp=0x000000e9af6fdaf8 mode 2
Event: 268.329 Thread 0x000002310183f5b0 DEOPT PACKING pc=0x00000231669bd7af sp=0x000000e9af6fd3c0
Event: 268.329 Thread 0x000002310183f5b0 DEOPT UNPACKING pc=0x000002316d487143 sp=0x000000e9af6fc920 mode 0

Classes unloaded (8 events):
Event: 114.286 Thread 0x000002317a005a70 Unloading class 0x0000000100974000 'jdk/internal/reflect/GeneratedSerializationConstructorAccessor1'
Event: 123.605 Thread 0x000002317a005a70 Unloading class 0x00000001009e8800 'org/apache/catalina/loader/JdbcLeakPrevention'
Event: 139.212 Thread 0x000002317a005a70 Unloading class 0x00000001009f3800 'org/apache/catalina/loader/JdbcLeakPrevention'
Event: 265.948 Thread 0x000002317a005a70 Unloading class 0x0000000100a08c00 'jdk/internal/reflect/GeneratedSerializationConstructorAccessor2'
Event: 265.948 Thread 0x000002317a005a70 Unloading class 0x0000000100a01c00 'org/apache/catalina/loader/JdbcLeakPrevention'
Event: 265.948 Thread 0x000002317a005a70 Unloading class 0x00000001009f8000 'org/apache/catalina/loader/JdbcLeakPrevention'
Event: 265.948 Thread 0x000002317a005a70 Unloading class 0x00000001009f3800 'org/apache/catalina/loader/JdbcLeakPrevention'
Event: 265.948 Thread 0x000002317a005a70 Unloading class 0x00000001009e0000 'org/apache/catalina/loader/JdbcLeakPrevention'

Classes redefined (0 events):
No events

Internal exceptions (20 events):
Event: 171.853 Thread 0x000002317fa6c300 Exception <a 'java/lang/NoClassDefFoundError'{0x00000000c5c1cab8}: org/flywaydb/core/Flyway> (0x00000000c5c1cab8) 
thrown [s\src\hotspot\share\oops\constantPool.cpp, line 837]
Event: 171.853 Thread 0x000002317fa6c300 Exception <a 'java/lang/NoClassDefFoundError'{0x00000000c5c1d108}: liquibase/integration/spring/SpringLiquibase> (0x00000000c5c1d108) 
thrown [s\src\hotspot\share\oops\constantPool.cpp, line 837]
Event: 171.867 Thread 0x000002317fa6c300 Exception <a 'java/lang/NoClassDefFoundError'{0x00000000c5c68f08}: org/jooq/DSLContext> (0x00000000c5c68f08) 
thrown [s\src\hotspot\share\oops\constantPool.cpp, line 837]
Event: 171.867 Thread 0x000002317fa6c300 Exception <a 'java/lang/NoClassDefFoundError'{0x00000000c5c6fde0}: org/springframework/batch/core/repository/JobRepository> (0x00000000c5c6fde0) 
thrown [s\src\hotspot\share\oops\constantPool.cpp, line 837]
Event: 171.867 Thread 0x000002317fa6c300 Exception <a 'java/lang/NoClassDefFoundError'{0x00000000c5c70428}: org/quartz/Scheduler> (0x00000000c5c70428) 
thrown [s\src\hotspot\share\oops\constantPool.cpp, line 837]
Event: 171.867 Thread 0x000002317fa6c300 Exception <a 'java/lang/NoClassDefFoundError'{0x00000000c5c70a98}: org/springframework/session/jdbc/JdbcIndexedSessionRepository> (0x00000000c5c70a98) 
thrown [s\src\hotspot\share\oops\constantPool.cpp, line 837]
Event: 172.445 Thread 0x000002317fa6c300 Exception <a 'sun/nio/fs/WindowsException'{0x00000000c5677f88}> (0x00000000c5677f88) 
thrown [s\src\hotspot\share\prims\jni.cpp, line 516]
Event: 172.445 Thread 0x000002317fa6c300 Exception <a 'sun/nio/fs/WindowsException'{0x00000000c56786b0}> (0x00000000c56786b0) 
thrown [s\src\hotspot\share\prims\jni.cpp, line 516]
Event: 172.480 Thread 0x000002317fa6c300 Exception <a 'sun/nio/fs/WindowsException'{0x00000000c5678da8}> (0x00000000c5678da8) 
thrown [s\src\hotspot\share\prims\jni.cpp, line 516]
Event: 172.721 Thread 0x000002317fa6c300 Exception <a 'java/io/FileNotFoundException'{0x00000000c56b7dd8}> (0x00000000c56b7dd8) 
thrown [s\src\hotspot\share\prims\jni.cpp, line 516]
Event: 172.831 Thread 0x000002317fa6c300 Exception <a 'java/io/FileNotFoundException'{0x00000000c544e2a8}> (0x00000000c544e2a8) 
thrown [s\src\hotspot\share\prims\jni.cpp, line 516]
Event: 172.898 Thread 0x000002317fa6c300 Exception <a 'sun/nio/fs/WindowsException'{0x00000000c506e930}> (0x00000000c506e930) 
thrown [s\src\hotspot\share\prims\jni.cpp, line 516]
Event: 176.506 Thread 0x000002317fa6c300 Exception <a 'java/lang/NoSuchMethodError'{0x00000000c57cc210}: 'java.lang.Object java.lang.invoke.DirectMethodHandle$Holder.invokeSpecial(java.lang.Object, java.lang.Object, int, java.lang.Object, int)'> (0x00000000c57cc210) 
thrown [s\src\hotspot\share\interpreter\linkResolver.cpp, line 759]
Event: 177.449 Thread 0x000002317fa6c300 Exception <a 'sun/nio/fs/WindowsException'{0x00000000c4c1afd8}> (0x00000000c4c1afd8) 
thrown [s\src\hotspot\share\prims\jni.cpp, line 516]
Event: 179.179 Thread 0x000002317fa6c300 Implicit null exception at 0x000002316def5764 to 0x000002316def69c0
Event: 265.587 Thread 0x000002317fa662d0 Exception <a 'java/lang/InterruptedException'{0x00000000c4eb2a50}: sleep interrupted> (0x00000000c4eb2a50) 
thrown [s\src\hotspot\share\prims\jvm.cpp, line 3064]
Event: 267.599 Thread 0x000002310183f5b0 Exception <a 'sun/nio/fs/WindowsException'{0x00000000c5c90640}> (0x00000000c5c90640) 
thrown [s\src\hotspot\share\prims\jni.cpp, line 516]
Event: 267.684 Thread 0x000002310183f5b0 Exception <a 'sun/nio/fs/WindowsException'{0x00000000c5900000}> (0x00000000c5900000) 
thrown [s\src\hotspot\share\prims\jni.cpp, line 516]
Event: 272.042 Thread 0x000002310183f5b0 Exception <a 'sun/nio/fs/WindowsException'{0x00000000c480fc50}> (0x00000000c480fc50) 
thrown [s\src\hotspot\share\prims\jni.cpp, line 516]
Event: 272.095 Thread 0x000002310183f5b0 Exception <a 'sun/nio/fs/WindowsException'{0x00000000c484b270}> (0x00000000c484b270) 
thrown [s\src\hotspot\share\prims\jni.cpp, line 516]

VM Operations (20 events):
Event: 180.523 Executing VM operation: HandshakeAllThreads
Event: 180.523 Executing VM operation: HandshakeAllThreads done
Event: 183.545 Executing VM operation: Cleanup
Event: 183.545 Executing VM operation: Cleanup done
Event: 198.672 Executing VM operation: Cleanup
Event: 198.672 Executing VM operation: Cleanup done
Event: 203.719 Executing VM operation: Cleanup
Event: 203.719 Executing VM operation: Cleanup done
Event: 263.148 Executing VM operation: Cleanup
Event: 263.163 Executing VM operation: Cleanup done
Event: 265.184 Executing VM operation: Cleanup
Event: 265.185 Executing VM operation: Cleanup done
Event: 265.593 Executing VM operation: G1CollectFull
Event: 266.925 Executing VM operation: G1CollectFull done
Event: 267.936 Executing VM operation: Cleanup
Event: 267.936 Executing VM operation: Cleanup done
Event: 268.948 Executing VM operation: Cleanup
Event: 268.967 Executing VM operation: Cleanup done
Event: 272.004 Executing VM operation: Cleanup
Event: 272.019 Executing VM operation: Cleanup done

Events (20 events):
Event: 264.492 Thread 0x000002317fa67200 Thread exited: 0x000002317fa67200
Event: 264.493 Thread 0x000002317a3ddc90 Thread exited: 0x000002317a3ddc90
Event: 264.493 Thread 0x000002317a3debc0 Thread exited: 0x000002317a3debc0
Event: 264.492 Thread 0x000002317fa66cf0 Thread exited: 0x000002317fa66cf0
Event: 264.493 Thread 0x000002317a3db410 Thread exited: 0x000002317a3db410
Event: 264.494 Thread 0x000002317a3dc850 Thread exited: 0x000002317a3dc850
Event: 264.494 Thread 0x000002317a3dc340 Thread exited: 0x000002317a3dc340
Event: 264.495 Thread 0x000002317a3dcd60 Thread exited: 0x000002317a3dcd60
Event: 264.495 Thread 0x000002317a3dbe30 Thread exited: 0x000002317a3dbe30
Event: 264.726 Thread 0x0000023101839fa0 Thread added: 0x0000023101839fa0
Event: 264.730 Thread 0x000002317fa6aec0 Thread exited: 0x000002317fa6aec0
Event: 265.077 Thread 0x0000023101839fa0 Thread exited: 0x0000023101839fa0
Event: 265.582 Thread 0x000002317fa6a9b0 Thread exited: 0x000002317fa6a9b0
Event: 265.582 Thread 0x000002317fa69570 Thread exited: 0x000002317fa69570
Event: 265.587 Thread 0x000002317fa662d0 Thread exited: 0x000002317fa662d0
Event: 266.926 Thread 0x0000023101839a90 Thread added: 0x0000023101839a90
Event: 266.928 Thread 0x0000023101839a90 Thread exited: 0x0000023101839a90
Event: 266.928 Thread 0x000002310183f5b0 Thread added: 0x000002310183f5b0
Event: 267.750 Thread 0x000002310183be00 Thread added: 0x000002310183be00
Event: 267.788 Thread 0x000002310183be00 Thread exited: 0x000002310183be00


Dynamic libraries:
0x00007ff6758a0000 - 0x00007ff6758ae000 	C:\Users\Pxlarized\.vscode\extensions\redhat.java-1.33.0-win32-x64\jre\17.0.11-win32-x86_64\bin\java.exe
0x00007ffbc8750000 - 0x00007ffbc8948000 	C:\Windows\SYSTEM32\ntdll.dll
0x00007ffbc8640000 - 0x00007ffbc8701000 	C:\Windows\System32\KERNEL32.DLL
0x00007ffbc5f30000 - 0x00007ffbc622d000 	C:\Windows\System32\KERNELBASE.dll
0x00007ffbc6680000 - 0x00007ffbc6780000 	C:\Windows\System32\ucrtbase.dll
0x00007ffba9c80000 - 0x00007ffba9c9b000 	C:\Users\Pxlarized\.vscode\extensions\redhat.java-1.33.0-win32-x64\jre\17.0.11-win32-x86_64\bin\VCRUNTIME140.dll
0x00007ffbb4b50000 - 0x00007ffbb4b67000 	C:\Users\Pxlarized\.vscode\extensions\redhat.java-1.33.0-win32-x64\jre\17.0.11-win32-x86_64\bin\jli.dll
0x00007ffbc7f50000 - 0x00007ffbc80ed000 	C:\Windows\System32\USER32.dll
0x00007ffbb2780000 - 0x00007ffbb2a1a000 	C:\Windows\WinSxS\amd64_microsoft.windows.common-controls_6595b64144ccf1df_6.0.19041.4355_none_60b8b9eb71f62e16\COMCTL32.dll
0x00007ffbc6650000 - 0x00007ffbc6672000 	C:\Windows\System32\win32u.dll
0x00007ffbc75e0000 - 0x00007ffbc767e000 	C:\Windows\System32\msvcrt.dll
0x00007ffbc6780000 - 0x00007ffbc67ab000 	C:\Windows\System32\GDI32.dll
0x00007ffbc6530000 - 0x00007ffbc6647000 	C:\Windows\System32\gdi32full.dll
0x00007ffbc5e90000 - 0x00007ffbc5f2d000 	C:\Windows\System32\msvcp_win.dll
0x00007ffbc67b0000 - 0x00007ffbc67df000 	C:\Windows\System32\IMM32.DLL
0x00007ffbbf180000 - 0x00007ffbbf18c000 	C:\Users\Pxlarized\.vscode\extensions\redhat.java-1.33.0-win32-x64\jre\17.0.11-win32-x86_64\bin\vcruntime140_1.dll
0x00007ffb95f50000 - 0x00007ffb95fdd000 	C:\Users\Pxlarized\.vscode\extensions\redhat.java-1.33.0-win32-x64\jre\17.0.11-win32-x86_64\bin\msvcp140.dll
0x00007ffb8a620000 - 0x00007ffb8b282000 	C:\Users\Pxlarized\.vscode\extensions\redhat.java-1.33.0-win32-x64\jre\17.0.11-win32-x86_64\bin\server\jvm.dll
0x00007ffbc7780000 - 0x00007ffbc7830000 	C:\Windows\System32\ADVAPI32.dll
0x00007ffbc7540000 - 0x00007ffbc75e0000 	C:\Windows\System32\sechost.dll
0x00007ffbc8460000 - 0x00007ffbc8583000 	C:\Windows\System32\RPCRT4.dll
0x00007ffbc6500000 - 0x00007ffbc6527000 	C:\Windows\System32\bcrypt.dll
0x00007ffbc5ba0000 - 0x00007ffbc5beb000 	C:\Windows\SYSTEM32\POWRPROF.dll
0x00007ffbb5960000 - 0x00007ffbb5969000 	C:\Windows\SYSTEM32\WSOCK32.dll
0x00007ffbc7680000 - 0x00007ffbc76eb000 	C:\Windows\System32\WS2_32.dll
0x00007ffbae5d0000 - 0x00007ffbae5f7000 	C:\Windows\SYSTEM32\WINMM.dll
0x00007ffbbf5e0000 - 0x00007ffbbf5ea000 	C:\Windows\SYSTEM32\VERSION.dll
0x00007ffbc5b80000 - 0x00007ffbc5b92000 	C:\Windows\SYSTEM32\UMPDC.dll
0x00007ffbc3c60000 - 0x00007ffbc3c72000 	C:\Windows\SYSTEM32\kernel.appcore.dll
0x00007ffbb5920000 - 0x00007ffbb592a000 	C:\Users\Pxlarized\.vscode\extensions\redhat.java-1.33.0-win32-x64\jre\17.0.11-win32-x86_64\bin\jimage.dll
0x00007ffbaa940000 - 0x00007ffbaab24000 	C:\Windows\SYSTEM32\DBGHELP.DLL
0x00007ffbaa900000 - 0x00007ffbaa934000 	C:\Windows\SYSTEM32\dbgcore.DLL
0x00007ffbc5e00000 - 0x00007ffbc5e82000 	C:\Windows\System32\bcryptPrimitives.dll
0x00007ffba7760000 - 0x00007ffba7785000 	C:\Users\Pxlarized\.vscode\extensions\redhat.java-1.33.0-win32-x64\jre\17.0.11-win32-x86_64\bin\java.dll
0x00007ffba9ae0000 - 0x00007ffba9af8000 	C:\Users\Pxlarized\.vscode\extensions\redhat.java-1.33.0-win32-x64\jre\17.0.11-win32-x86_64\bin\zip.dll
0x00007ffbc6cb0000 - 0x00007ffbc741f000 	C:\Windows\System32\SHELL32.dll
0x00007ffbc3e60000 - 0x00007ffbc45ff000 	C:\Windows\SYSTEM32\windows.storage.dll
0x00007ffbc8100000 - 0x00007ffbc8453000 	C:\Windows\System32\combase.dll
0x00007ffbc56d0000 - 0x00007ffbc56fe000 	C:\Windows\SYSTEM32\Wldp.dll
0x00007ffbc7e70000 - 0x00007ffbc7f3d000 	C:\Windows\System32\OLEAUT32.dll
0x00007ffbc8590000 - 0x00007ffbc863d000 	C:\Windows\System32\SHCORE.dll
0x00007ffbc6a70000 - 0x00007ffbc6ac5000 	C:\Windows\System32\shlwapi.dll
0x00007ffbc5d30000 - 0x00007ffbc5d54000 	C:\Windows\SYSTEM32\profapi.dll
0x00007ffba80d0000 - 0x00007ffba80e9000 	C:\Users\Pxlarized\.vscode\extensions\redhat.java-1.33.0-win32-x64\jre\17.0.11-win32-x86_64\bin\net.dll
0x00007ffbc0210000 - 0x00007ffbc031d000 	C:\Windows\SYSTEM32\WINHTTP.dll
0x00007ffbc5450000 - 0x00007ffbc54ba000 	C:\Windows\system32\mswsock.dll
0x00007ffba7740000 - 0x00007ffba7756000 	C:\Users\Pxlarized\.vscode\extensions\redhat.java-1.33.0-win32-x64\jre\17.0.11-win32-x86_64\bin\nio.dll
0x00007ffba99a0000 - 0x00007ffba99a9000 	C:\Users\Pxlarized\.vscode\extensions\redhat.java-1.33.0-win32-x64\jre\17.0.11-win32-x86_64\bin\management.dll
0x00007ffba8590000 - 0x00007ffba859b000 	C:\Users\Pxlarized\.vscode\extensions\redhat.java-1.33.0-win32-x64\jre\17.0.11-win32-x86_64\bin\management_ext.dll
0x00007ffbc6ad0000 - 0x00007ffbc6ad8000 	C:\Windows\System32\PSAPI.DLL
0x00007ffbc3440000 - 0x00007ffbc344e000 	C:\Users\Pxlarized\.vscode\extensions\redhat.java-1.33.0-win32-x64\jre\17.0.11-win32-x86_64\bin\sunmscapi.dll
0x00007ffbc6330000 - 0x00007ffbc648e000 	C:\Windows\System32\CRYPT32.dll
0x00007ffbc57a0000 - 0x00007ffbc57c9000 	C:\Windows\SYSTEM32\ncrypt.dll
0x00007ffbc5760000 - 0x00007ffbc579b000 	C:\Windows\SYSTEM32\NTASN1.dll
0x00007ffbc5680000 - 0x00007ffbc5698000 	C:\Windows\SYSTEM32\CRYPTSP.dll
0x00007ffbc4d90000 - 0x00007ffbc4dc4000 	C:\Windows\system32\rsaenh.dll
0x00007ffbc5ca0000 - 0x00007ffbc5cce000 	C:\Windows\SYSTEM32\USERENV.dll
0x00007ffbc55e0000 - 0x00007ffbc55ec000 	C:\Windows\SYSTEM32\CRYPTBASE.dll
0x00007ffbc5150000 - 0x00007ffbc518b000 	C:\Windows\SYSTEM32\IPHLPAPI.DLL
0x00007ffbc7f40000 - 0x00007ffbc7f48000 	C:\Windows\System32\NSI.dll
0x00007ffbc0b90000 - 0x00007ffbc0ba7000 	C:\Windows\SYSTEM32\dhcpcsvc6.DLL
0x00007ffbc0980000 - 0x00007ffbc099d000 	C:\Windows\SYSTEM32\dhcpcsvc.DLL
0x00007ffbc5190000 - 0x00007ffbc525a000 	C:\Windows\SYSTEM32\DNSAPI.dll
0x00007ffbb4ef0000 - 0x00007ffbb4f00000 	C:\Users\Pxlarized\.vscode\extensions\redhat.java-1.33.0-win32-x64\jre\17.0.11-win32-x86_64\bin\verify.dll
0x00007ffbbece0000 - 0x00007ffbbecea000 	C:\Windows\System32\rasadhlp.dll
0x00007ffbbf370000 - 0x00007ffbbf3f0000 	C:\Windows\System32\fwpuclnt.dll
0x00007ffbc0f60000 - 0x00007ffbc0f69000 	C:\Users\Pxlarized\.vscode\extensions\redhat.java-1.33.0-win32-x64\jre\17.0.11-win32-x86_64\bin\extnet.dll
0x00007ffbae580000 - 0x00007ffbae587000 	C:\Windows\system32\wshunix.dll

dbghelp: loaded successfully - version: 4.0.5 - missing functions: none
symbol engine: initialized successfully - sym options: 0x614 - pdb path: .;C:\Users\Pxlarized\.vscode\extensions\redhat.java-1.33.0-win32-x64\jre\17.0.11-win32-x86_64\bin;C:\Windows\SYSTEM32;C:\Windows\WinSxS\amd64_microsoft.windows.common-controls_6595b64144ccf1df_6.0.19041.4355_none_60b8b9eb71f62e16;C:\Users\Pxlarized\.vscode\extensions\redhat.java-1.33.0-win32-x64\jre\17.0.11-win32-x86_64\bin\server

VM Arguments:
jvm_args: -XX:+ShowCodeDetailsInExceptionMessages 
java_command: com.star.clientes.ClientesApplication
java_class_path (initial): C:\Users\Pxlarized\Desktop\projects\spring boot\clientes\target\classes;C:\Users\Pxlarized\.m2\repository\org\springframework\boot\spring-boot-starter-data-jpa\3.3.2\spring-boot-starter-data-jpa-3.3.2.jar;C:\Users\Pxlarized\.m2\repository\org\springframework\boot\spring-boot-starter-aop\3.3.2\spring-boot-starter-aop-3.3.2.jar;C:\Users\Pxlarized\.m2\repository\org\springframework\spring-aop\6.1.11\spring-aop-6.1.11.jar;C:\Users\Pxlarized\.m2\repository\org\aspectj\aspectjweaver\1.9.22.1\aspectjweaver-1.9.22.1.jar;C:\Users\Pxlarized\.m2\repository\org\springframework\boot\spring-boot-starter-jdbc\3.3.2\spring-boot-starter-jdbc-3.3.2.jar;C:\Users\Pxlarized\.m2\repository\com\zaxxer\HikariCP\5.1.0\HikariCP-5.1.0.jar;C:\Users\Pxlarized\.m2\repository\org\springframework\spring-jdbc\6.1.11\spring-jdbc-6.1.11.jar;C:\Users\Pxlarized\.m2\repository\org\hibernate\orm\hibernate-core\6.5.2.Final\hibernate-core-6.5.2.Final.jar;C:\Users\Pxlarized\.m2\repository\jakarta\persistence\jakarta.persistence-api\3.1.0\jakarta.persistence-api-3.1.0.jar;C:\Users\Pxlarized\.m2\repository\jakarta\transaction\jakarta.transaction-api\2.0.1\jakarta.transaction-api-2.0.1.jar;C:\Users\Pxlarized\.m2\repository\org\jboss\logging\jboss-logging\3.5.3.Final\jboss-logging-3.5.3.Final.jar;C:\Users\Pxlarized\.m2\repository\org\hibernate\common\hibernate-commons-annotations\6.0.6.Final\hibernate-commons-annotations-6.0.6.Final.jar;C:\Users\Pxlarized\.m2\repository\io\smallrye\jandex\3.1.2\jandex-3.1.2.jar;C:\Users\Pxlarized\.m2\repository\com\fasterxml\classmate\1.7.0\classmate-1.7.0.jar;C:\Users\Pxlarized\.m2\repository\net\bytebuddy\byte-buddy\1.14.18\byte-buddy-1.14.18.jar;C:\Users\Pxlarized\.m2\repository\org\glassfish\jaxb\jaxb-runtime\4.0.5\jaxb-runtime-4.0.5.jar;C:\Users\Pxlarized\.m2\repository\org\glassfish\jaxb\jaxb-core\4.0.5\jaxb-core-4.0.5.jar;C:\Users\Pxlarized\.m2\repository\org\eclipse\angus\angus-activation\2.0.2\angus-activation-2.0.2.jar;C:\Users\Pxlarized\.
Launcher Type: SUN_STANDARD

[Global flags]
     intx CICompilerCount                          = 3                                         {product} {ergonomic}
     uint ConcGCThreads                            = 1                                         {product} {ergonomic}
     uint G1ConcRefinementThreads                  = 4                                         {product} {ergonomic}
   size_t G1HeapRegionSize                         = 1048576                                   {product} {ergonomic}
    uintx GCDrainStackTargetSize                   = 64                                        {product} {ergonomic}
   size_t InitialHeapSize                          = 67108864                                  {product} {ergonomic}
   size_t MarkStackSize                            = 4194304                                   {product} {ergonomic}
   size_t MaxHeapSize                              = 1048576000                                {product} {ergonomic}
   size_t MaxNewSize                               = 629145600                                 {product} {ergonomic}
   size_t MinHeapDeltaBytes                        = 1048576                                   {product} {ergonomic}
   size_t MinHeapSize                              = 8388608                                   {product} {ergonomic}
    uintx NonNMethodCodeHeapSize                   = 5832780                                {pd product} {ergonomic}
    uintx NonProfiledCodeHeapSize                  = 122912730                              {pd product} {ergonomic}
    uintx ProfiledCodeHeapSize                     = 122912730                              {pd product} {ergonomic}
    uintx ReservedCodeCacheSize                    = 251658240                              {pd product} {ergonomic}
     bool SegmentedCodeCache                       = true                                      {product} {ergonomic}
     bool ShowCodeDetailsInExceptionMessages       = true                                   {manageable} {command line}
   size_t SoftMaxHeapSize                          = 1048576000                             {manageable} {ergonomic}
     bool UseCompressedClassPointers               = true                           {product lp64_product} {ergonomic}
     bool UseCompressedOops                        = true                           {product lp64_product} {ergonomic}
     bool UseG1GC                                  = true                                      {product} {ergonomic}
     bool UseLargePagesIndividualAllocation        = false                                  {pd product} {ergonomic}

Logging:
Log output configuration:
 #0: stdout all=warning uptime,level,tags
 #1: stderr all=off uptime,level,tags

Environment Variables:
JAVA_HOME=C:\java\jdk-22.0.1\
PATH=C:\Program Files\WindowsApps\Microsoft.PowerShell_7.4.5.0_x64__8wekyb3d8bbwe;C:\Program Files\Common Files\Oracle\Java\javapath;C:\Windows\system32;C:\Windows;C:\Windows\System32\Wbem;C:\Windows\System32\WindowsPowerShell\v1.0\;C:\Windows\System32\OpenSSH\;C:\Program Files\Git\cmd;C:\Program Files\Docker\Docker\resources\bin;C:\php;C:\ProgramData\ComposerSetup\bin;C:\java\jdk-22.0.1\bin;C:\Program Files\nodejs\;C:\Program Files\dotnet\;C:\Users\Pxlarized\.config\herd\bin\nvm;C:\Program Files\nodejs;C:\Users\Pxlarized\.config\herd\bin;C:\Users\Pxlarized\AppData\Local\pnpm;C:\Users\Pxlarized\AppData\Local\Microsoft\WindowsApps;C:\Users\Pxlarized\AppData\Local\Programs\Microsoft VS Code\bin;C:\Program Files\JetBrains\DataGrip 2024.1.3\bin;;C:\Users\Pxlarized\AppData\Roaming\Composer\vendor\bin;C:\Users\Pxlarized\AppData\Roaming\npm;C:\Users\Pxlarized\.dotnet\tools;C:\Users\Pxlarized\.bun\bin;C:\Users\Pxlarized\AppData\Local\Programs\Hyper\resources\bin
USERNAME=Pxlarized
LANG=en_US.UTF-8
OS=Windows_NT
PROCESSOR_IDENTIFIER=Intel64 Family 6 Model 158 Stepping 11, GenuineIntel
TMP=C:\Users\PXLARI~1\AppData\Local\Temp
TEMP=C:\Users\PXLARI~1\AppData\Local\Temp



Periodic native trim disabled


---------------  S Y S T E M  ---------------

OS:
 Windows 10 , 64 bit Build 19041 (10.0.19041.4717)
OS uptime: 2 days 10:43 hours
Hyper-V role detected

CPU: total 4 (initial active 4) (4 cores per cpu, 1 threads per core) family 6 model 158 stepping 11 microcode 0xb4, cx8, cmov, fxsr, mmx, 3dnowpref, sse, sse2, sse3, ssse3, sse4.1, sse4.2, popcnt, lzcnt, tsc, tscinvbit, avx, avx2, aes, erms, clmul, bmi1, bmi2, adx, fma, vzeroupper, clflush, clflushopt, hv
Processor Information for all 4 processors :
  Max Mhz: 3600, Current Mhz: 3600, Mhz Limit: 3600

Memory: 4k page, system-wide physical 3993M (24M free)
TotalPageFile size 16281M (AvailPageFile size 0M)
current process WorkingSet (physical memory assigned to process): 198M, peak: 212M
current process commit charge ("private bytes"): 282M, peak: 284M

vm_info: OpenJDK 64-Bit Server VM (17.0.11+9) for windows-amd64 JRE (17.0.11+9), built on Apr 17 2024 06:07:48 by "admin" with MS VC++ 16.10 / 16.11 (VS2019)

END.
